SF:lib/sailor_cart.dart
DA:15,2
DA:22,1
DA:28,1
DA:29,0
DA:30,0
DA:31,1
DA:32,1
DA:36,1
DA:40,1
DA:41,3
DA:42,0
DA:43,0
DA:44,0
DA:47,1
DA:49,3
DA:50,3
DA:51,3
DA:52,2
DA:55,1
DA:57,5
DA:59,0
DA:60,0
DA:61,0
DA:62,0
DA:63,0
DA:64,0
DA:68,0
DA:69,0
DA:70,0
DA:71,0
DA:72,0
DA:73,0
DA:77,1
DA:78,1
DA:79,1
DA:82,1
DA:83,6
DA:86,3
DA:89,1
DA:90,1
DA:91,7
DA:94,1
DA:95,4
DA:98,1
DA:101,1
DA:102,1
DA:103,3
DA:106,1
DA:120,1
DA:127,1
DA:129,1
DA:139,1
DA:148,1
DA:149,1
DA:150,1
DA:151,1
DA:152,1
DA:153,1
DA:154,1
DA:155,1
DA:159,1
DA:163,1
DA:164,3
DA:165,3
DA:166,3
DA:167,3
DA:168,3
DA:169,3
DA:172,0
DA:174,0
DA:175,0
DA:176,0
DA:177,0
DA:178,0
DA:179,0
DA:182,0
DA:184,0
DA:186,1
DA:188,5
DA:189,2
DA:190,3
DA:193,1
DA:194,5
DA:195,2
DA:196,3
DA:199,1
DA:201,5
DA:202,2
DA:203,3
DA:213,2
DA:219,3
DA:221,3
DA:223,3
DA:231,1
DA:239,1
DA:246,1
DA:247,1
DA:248,1
DA:249,1
DA:250,1
DA:251,0
DA:255,0
DA:259,0
DA:260,0
DA:261,0
DA:262,0
DA:263,0
DA:266,0
DA:268,0
DA:271,0
DA:273,0
DA:278,2
DA:284,0
DA:289,0
DA:290,0
DA:291,0
DA:292,0
DA:296,1
DA:300,1
DA:301,3
DA:302,0
DA:305,0
DA:307,0
DA:310,0
DA:311,0
DA:320,1
DA:329,1
DA:337,1
DA:338,1
DA:339,1
DA:340,1
DA:341,1
DA:342,1
DA:343,0
DA:347,0
DA:351,0
DA:352,0
DA:353,0
DA:354,0
DA:355,0
DA:356,0
DA:359,0
DA:361,0
DA:362,0
DA:363,0
DA:364,0
DA:365,0
DA:368,0
DA:370,0
DA:372,0
DA:373,0
DA:375,0
DA:376,0
DA:378,0
DA:379,0
DA:386,2
DA:390,1
DA:393,1
DA:394,0
DA:398,0
DA:402,0
DA:405,0
DA:406,0
DA:408,0
DA:409,0
DA:416,1
DA:423,1
DA:424,6
DA:426,1
DA:427,2
DA:428,1
DA:429,2
DA:433,3
DA:434,1
DA:437,5
DA:441,1
DA:446,3
DA:447,4
DA:449,1
DA:450,1
DA:451,4
DA:457,1
DA:461,4
DA:462,5
DA:463,3
DA:464,1
DA:465,3
DA:471,1
DA:473,3
DA:474,1
DA:475,1
DA:476,4
DA:479,1
DA:482,1
DA:483,1
DA:484,1
DA:487,6
DA:488,2
DA:489,1
DA:493,3
DA:494,7
DA:496,1
DA:497,1
DA:498,4
DA:504,1
DA:508,4
DA:509,2
DA:510,3
DA:511,1
DA:512,2
DA:518,1
DA:520,3
DA:521,1
DA:522,1
DA:528,1
DA:529,3
DA:530,1
DA:531,1
DA:537,1
DA:538,1
DA:539,1
DA:542,6
DA:544,7
DA:545,1
DA:546,1
DA:551,1
DA:552,1
DA:558,1
DA:559,1
DA:560,4
DA:563,3
DA:564,1
DA:565,1
DA:566,2
DA:567,4
DA:570,3
DA:571,1
DA:572,1
DA:573,2
DA:574,4
DA:576,1
DA:577,2
DA:583,3
DA:584,1
DA:585,2
DA:588,3
DA:589,4
DA:591,1
DA:592,1
DA:593,2
DA:599,1
DA:600,1
DA:601,4
DA:604,3
DA:605,1
DA:606,1
DA:607,2
DA:608,4
DA:611,3
DA:612,1
DA:613,1
DA:614,2
DA:615,4
DA:617,1
DA:618,2
DA:623,1
DA:624,4
DA:630,1
DA:631,1
DA:635,3
DA:636,6
DA:638,1
DA:639,1
DA:640,4
DA:645,1
DA:646,1
DA:647,4
DA:650,2
DA:651,1
DA:652,1
DA:654,1
DA:656,1
DA:657,1
DA:659,1
DA:661,1
DA:662,1
DA:664,1
DA:667,0
DA:669,0
DA:673,1
DA:674,1
DA:675,4
DA:678,1
DA:679,2
DA:680,6
DA:682,1
DA:683,2
DA:686,1
DA:687,2
DA:688,1
DA:689,1
DA:691,3
DA:694,3
DA:695,3
DA:696,5
DA:697,1
DA:699,1
DA:700,1
DA:706,1
DA:710,1
DA:711,2
DA:712,2
DA:713,3
DA:714,3
DA:715,1
DA:716,3
DA:723,1
DA:724,1
DA:726,3
DA:727,3
DA:728,5
DA:729,1
DA:731,1
DA:732,1
DA:738,1
DA:739,1
DA:740,4
DA:743,1
DA:744,2
DA:745,1
DA:746,1
DA:747,2
DA:750,1
DA:751,2
DA:752,1
DA:753,5
DA:754,1
DA:756,3
DA:757,3
DA:758,5
DA:759,1
DA:761,1
DA:762,1
DA:768,1
DA:769,1
DA:770,4
DA:773,1
DA:774,2
DA:775,6
DA:777,1
DA:781,1
DA:782,3
DA:784,3
DA:785,3
DA:786,5
DA:787,1
DA:789,1
DA:790,1
DA:796,1
DA:800,1
DA:801,2
DA:802,5
DA:804,3
DA:805,3
DA:806,5
DA:807,1
DA:809,1
DA:810,1
DA:816,1
DA:817,1
DA:818,4
DA:821,1
DA:823,0
DA:829,2
DA:830,1
DA:831,5
DA:832,1
DA:833,2
DA:834,1
DA:835,2
DA:838,1
DA:839,2
DA:840,5
DA:842,3
DA:843,3
DA:844,5
DA:845,1
DA:847,1
DA:848,1
DA:854,1
DA:855,2
DA:858,1
DA:859,2
DA:860,2
DA:861,3
DA:862,3
DA:863,1
DA:864,3
DA:871,1
DA:872,1
DA:874,3
DA:875,3
DA:876,5
DA:877,1
DA:879,1
DA:880,1
DA:886,1
DA:887,1
DA:888,4
DA:891,1
DA:893,0
DA:900,1
DA:901,3
DA:902,3
DA:903,5
DA:904,1
DA:906,1
DA:907,1
LF:418
LH:338
end_of_record
